Determining if the pthread_create exist failed with the following output:
Change Dir: /home/wbk/Desktop/UG_Thesis/NISwGSP-master/UglyMan_NISwGSP_Stitching/UglyMan_NISwGSP_Stitching/build/CMakeFiles/CMakeTmp

Run Build Command:"/usr/bin/make" "cmTC_a0107/fast"
/usr/bin/make -f CMakeFiles/cmTC_a0107.dir/build.make CMakeFiles/cmTC_a0107.dir/build
make[1]: Entering directory '/home/wbk/Desktop/UG_Thesis/NISwGSP-master/UglyMan_NISwGSP_Stitching/UglyMan_NISwGSP_Stitching/build/CMakeFiles/CMakeTmp'
Building C object CMakeFiles/cmTC_a0107.dir/CheckSymbolExists.c.o
/usr/bin/cc    -fPIC    -o CMakeFiles/cmTC_a0107.dir/CheckSymbolExists.c.o   -c /home/wbk/Desktop/UG_Thesis/NISwGSP-master/UglyMan_NISwGSP_Stitching/UglyMan_NISwGSP_Stitching/build/CMakeFiles/CMakeTmp/CheckSymbolExists.c
Linking C executable cmTC_a0107
/usr/bin/cmake -E cmake_link_script CMakeFiles/cmTC_a0107.dir/link.txt --verbose=1
/usr/bin/cc  -fPIC     CMakeFiles/cmTC_a0107.dir/CheckSymbolExists.c.o  -o cmTC_a0107 -rdynamic 
CMakeFiles/cmTC_a0107.dir/CheckSymbolExists.c.o: In function `main':
CheckSymbolExists.c:(.text+0x1b): undefined reference to `pthread_create'
collect2: error: ld returned 1 exit status
CMakeFiles/cmTC_a0107.dir/build.make:97: recipe for target 'cmTC_a0107' failed
make[1]: *** [cmTC_a0107] Error 1
make[1]: Leaving directory '/home/wbk/Desktop/UG_Thesis/NISwGSP-master/UglyMan_NISwGSP_Stitching/UglyMan_NISwGSP_Stitching/build/CMakeFiles/CMakeTmp'
Makefile:126: recipe for target 'cmTC_a0107/fast' failed
make: *** [cmTC_a0107/fast] Error 2

File /home/wbk/Desktop/UG_Thesis/NISwGSP-master/UglyMan_NISwGSP_Stitching/UglyMan_NISwGSP_Stitching/build/CMakeFiles/CMakeTmp/CheckSymbolExists.c:
/* */
#include <pthread.h>

int main(int argc, char** argv)
{
  (void)argv;
#ifndef pthread_create
  return ((int*)(&pthread_create))[argc];
#else
  (void)argc;
  return 0;
#endif
}

Determining if the function pthread_create exists in the pthreads failed with the following output:
Change Dir: /home/wbk/Desktop/UG_Thesis/NISwGSP-master/UglyMan_NISwGSP_Stitching/UglyMan_NISwGSP_Stitching/build/CMakeFiles/CMakeTmp

Run Build Command:"/usr/bin/make" "cmTC_c278b/fast"
/usr/bin/make -f CMakeFiles/cmTC_c278b.dir/build.make CMakeFiles/cmTC_c278b.dir/build
make[1]: Entering directory '/home/wbk/Desktop/UG_Thesis/NISwGSP-master/UglyMan_NISwGSP_Stitching/UglyMan_NISwGSP_Stitching/build/CMakeFiles/CMakeTmp'
Building C object CMakeFiles/cmTC_c278b.dir/CheckFunctionExists.c.o
/usr/bin/cc    -fPIC -DCHECK_FUNCTION_EXISTS=pthread_create   -o CMakeFiles/cmTC_c278b.dir/CheckFunctionExists.c.o   -c /usr/share/cmake-3.5/Modules/CheckFunctionExists.c
Linking C executable cmTC_c278b
/usr/bin/cmake -E cmake_link_script CMakeFiles/cmTC_c278b.dir/link.txt --verbose=1
/usr/bin/cc  -fPIC -DCHECK_FUNCTION_EXISTS=pthread_create    CMakeFiles/cmTC_c278b.dir/CheckFunctionExists.c.o  -o cmTC_c278b -rdynamic -lpthreads 
/usr/bin/ld: cannot find -lpthreads
collect2: error: ld returned 1 exit status
CMakeFiles/cmTC_c278b.dir/build.make:97: recipe for target 'cmTC_c278b' failed
make[1]: *** [cmTC_c278b] Error 1
make[1]: Leaving directory '/home/wbk/Desktop/UG_Thesis/NISwGSP-master/UglyMan_NISwGSP_Stitching/UglyMan_NISwGSP_Stitching/build/CMakeFiles/CMakeTmp'
Makefile:126: recipe for target 'cmTC_c278b/fast' failed
make: *** [cmTC_c278b/fast] Error 2


